
-------------------------------------------------------------------------
|    ___ _   _ ___                                                      |
|   / __| | | |_  )   Release 6.1.0  "Falcon"                           |
|   \__ \ |_| |/ /                                                      |
|   |___/\___//___|   Suite (Solution Exporting Code)                   |
|                                                                       |
-------------------------------------------------------------------------
| The current SU2 release has been coordinated by the                   |
| SU2 International Developers Society <www.su2devsociety.org>          |
| with selected contributions from the open-source community.           |
-------------------------------------------------------------------------
| The main research teams contributing to the current release are:      |
| - Prof. Juan J. Alonso's group at Stanford University.                |
| - Prof. Piero Colonna's group at Delft University of Technology.      |
| - Prof. Nicolas R. Gauger's group at Kaiserslautern U. of Technology. |
| - Prof. Alberto Guardone's group at Polytechnic University of Milan.  |
| - Prof. Rafael Palacios' group at Imperial College London.            |
| - Prof. Vincent Terrapon's group at the University of Liege.          |
| - Prof. Edwin van der Weide's group at the University of Twente.      |
| - Lab. of New Concepts in Aeronautics at Tech. Inst. of Aeronautics.  |
-------------------------------------------------------------------------
| Copyright 2012-2018, Francisco D. Palacios, Thomas D. Economon,       |
|                      Tim Albring, and the SU2 contributors.           |
|                                                                       |
| SU2 is free software; you can redistribute it and/or                  |
| modify it under the terms of the GNU Lesser General Public            |
| License as published by the Free Software Foundation; either          |
| version 2.1 of the License, or (at your option) any later version.    |
|                                                                       |
| SU2 is distributed in the hope that it will be useful,                |
| but WITHOUT ANY WARRANTY; without even the implied warranty of        |
| MERCHANTABILITY or FITNESS FOR A PARTICULAR PURPOSE. See the GNU      |
| Lesser General Public License for more details.                       |
|                                                                       |
| You should have received a copy of the GNU Lesser General Public      |
| License along with SU2. If not, see <http://www.gnu.org/licenses/>.   |
-------------------------------------------------------------------------

------------------------ Physical Case Definition -----------------------
Input mesh file name: referenceGrid.su2

-------------------------- Output Information ---------------------------
The output file format is Paraview ASCII legacy (.vtk).
Flow variables file name: processed/flow.

------------------- Config File Boundary Information --------------------
Periodic boundary marker(s): West, Back, East, Front.
Constant heat flux wall boundary marker(s): North, South.

---------------------- Read Grid File Information -----------------------
Three dimensional problem.
6 surface markers.
14 boundary elements in index 0 (Marker = North).
14 boundary elements in index 1 (Marker = South).
12 boundary elements in index 2 (Marker = East).
12 boundary elements in index 3 (Marker = West).
42 boundary elements in index 4 (Marker = Front).
42 boundary elements in index 5 (Marker = Back).
Identify vertices.
Storing a mapping from global to local point index.
Creating standard volume elements.
Creating face information.

------------------------- Solution Postprocessing -----------------------


Error in "void CBaselineSolver_FEM::SetOutputVariables(CGeometry*, CConfig*)": 
-------------------------------------------------------------------------
Unable to open SU2 restart file time/restart_flow_00000.dat
------------------------------ Error Exit -------------------------------


