
-------------------------------------------------------------------------
|    ___ _   _ ___                                                      |
|   / __| | | |_  )   Release 6.1.0  "Falcon"                           |
|   \__ \ |_| |/ /                                                      |
|   |___/\___//___|   Suite (Computational Fluid Dynamics Code)         |
|                                                                       |
-------------------------------------------------------------------------
| The current SU2 release has been coordinated by the                   |
| SU2 International Developers Society <www.su2devsociety.org>          |
| with selected contributions from the open-source community.           |
-------------------------------------------------------------------------
| The main research teams contributing to the current release are:      |
| - Prof. Juan J. Alonso's group at Stanford University.                |
| - Prof. Piero Colonna's group at Delft University of Technology.      |
| - Prof. Nicolas R. Gauger's group at Kaiserslautern U. of Technology. |
| - Prof. Alberto Guardone's group at Polytechnic University of Milan.  |
| - Prof. Rafael Palacios' group at Imperial College London.            |
| - Prof. Vincent Terrapon's group at the University of Liege.          |
| - Prof. Edwin van der Weide's group at the University of Twente.      |
| - Lab. of New Concepts in Aeronautics at Tech. Inst. of Aeronautics.  |
-------------------------------------------------------------------------
| Copyright 2012-2018, Francisco D. Palacios, Thomas D. Economon,       |
|                      Tim Albring, and the SU2 contributors.           |
|                                                                       |
| SU2 is free software; you can redistribute it and/or                  |
| modify it under the terms of the GNU Lesser General Public            |
| License as published by the Free Software Foundation; either          |
| version 2.1 of the License, or (at your option) any later version.    |
|                                                                       |
| SU2 is distributed in the hope that it will be useful,                |
| but WITHOUT ANY WARRANTY; without even the implied warranty of        |
| MERCHANTABILITY or FITNESS FOR A PARTICULAR PURPOSE. See the GNU      |
| Lesser General Public License for more details.                       |
|                                                                       |
| You should have received a copy of the GNU Lesser General Public      |
| License along with SU2. If not, see <http://www.gnu.org/licenses/>.   |
-------------------------------------------------------------------------

------------------------ Physical Case Definition -----------------------
Compressible Laminar Navier-Stokes' equations.
Mach number: 0.2.
Angle of attack (AoA): 0 deg, and angle of sideslip (AoS): 0 deg.
No restart solution, use the values at infinity (freestream).
Dimensional simulation.
The reference area is 1 m^2.
The semi-span will be computed using the max y(3D) value.
The reference length is 1 m.
Reference origin for moment evaluation is (0, 0, 0).
Surface(s) where the force coefficients are evaluated: North, South.

Surface(s) plotted in the output file: South.
Input mesh file name: referenceGrid.su2

---------------------- Space Numerical Integration ----------------------
Discontinuous Galerkin Finite element solver
Roe (with entropy fix) solver for inviscid fluxes over the faces
Theta symmetrizing terms interior penalty: 1
Quadrature factor for elements with constant Jacobian:     2
Quadrature factor for elements with non-constant Jacobian: 3
Byte alignment matrix multiplications:      128
Padded matrix size for optimal performance: 16

---------------------- Time Numerical Integration -----------------------
Unsteady simulation using a time stepping strategy.
Time step computed by the code. Unsteady CFL number: 0.1.
Runge-Kutta explicit method for the flow equations.
Number of steps: 3
Alpha coefficients: 	0.66667	0.66667	1
No CFL adaptation.

------------------------- Convergence Criteria --------------------------
Maximum number of iterations: 1.
Reduce the density residual 8 orders of magnitude.
The minimum bound for the density residual is 10^(-15).
Start convergence criteria at iteration 10.

-------------------------- Output Information ---------------------------
Writing a solution file every 1 iterations.
Writing the convergence history every 1 iterations.
The output file format is Paraview ASCII legacy (.vtk).
Convergence history file name: history.
Forces breakdown file name: forces_breakdown.dat.
Surface flow coefficients file name: processed/surface_flow.
Flow variables file name: processed/flow.
Restart flow file name: time/restart_flow.dat.

------------------- Config File Boundary Information --------------------
Periodic boundary marker(s): West, Back, East, Front.
Constant heat flux wall boundary marker(s): North, South.

---------------------- Read Grid File Information -----------------------
Three dimensional problem.
6 surface markers.
14 boundary elements in index 0 (Marker = North).
14 boundary elements in index 1 (Marker = South).
12 boundary elements in index 2 (Marker = East).
12 boundary elements in index 3 (Marker = West).
42 boundary elements in index 4 (Marker = Front).
42 boundary elements in index 5 (Marker = Back).

------------------------- Geometry Preprocessing ------------------------
Creating standard volume elements.
Creating face information.
Computing metric terms volume elements.
Computing metric terms surface elements.
Computing length scale volume elements.
Computing coordinates of the integration points.
Computing coordinates of the solution DOFs.
Preprocessing for the wall functions. 
Storing a mapping from global to local DOF index.
Area projection in the z-plane = 0.

------------------------- Driver information --------------------------
A Fluid driver has been instantiated.

------------------------ Iteration Preprocessing ------------------------
Zone 1: finite element Euler/Navier-Stokes/RANS/LES flow iteration.

------------------------- Solver Preprocessing --------------------------
Viscous flow: Computing pressure using the ideal gas law
based on the free-stream temperature and a density computed
from the Reynolds number.
Force coefficients computed using free-stream values.
-- Input conditions:
Fluid Model: STANDARD_AIR 
Specific gas constant: 287.058 N.m/kg.K.
Specific gas constant (non-dim): 287.058
Specific Heat Ratio: 1.4
Viscosity Model: SUTHERLAND 
Ref. Laminar Viscosity: 1.716e-05 N.s/m^2.
Ref. Temperature: 273.15 K.
Sutherland Constant: 110.4 K.
Laminar Viscosity (non-dim): 1.716e-05
Ref. Temperature (non-dim): 273.15
Sutherland constant (non-dim): 110.4
Conductivity Model: CONSTANT_PRANDTL  
Prandtl: 0.72
Free-stream static pressure: 130.477 Pa.
Free-stream total pressure: 134.167 Pa.
Free-stream temperature: 288.15 K.
Free-stream density: 0.00157741 kg/m^3.
Free-stream velocity: (68.0594, 0, 0) m/s. Magnitude: 68.0594 m/s.
Free-stream total energy per unit mass: 209105 m^2/s^2.
Free-stream viscosity: 1.7893e-05 N.s/m^2.
Total time: 50 s. Time step: 0 s.
-- Reference values:
Reference specific gas constant: 1 N.m/kg.K.
Reference pressure: 1 Pa.
Reference temperature: 1 K.
Reference density: 1 kg/m^3.
Reference velocity: 1 m/s.
Reference energy per unit mass: 1 m^2/s^2.
Reference viscosity: 1 N.s/m^2.
Reference conductivity: 1 W/m^2.K.
Reference time: 1 s.
-- Resulting non-dimensional state:
Mach number (non-dim): 0.2
Reynolds number (non-dim): 6000. Re length: 1 m.
Specific gas constant (non-dim): 287.058
Free-stream temperature (non-dim): 288.15
Free-stream pressure (non-dim): 130.477
Free-stream density (non-dim): 0.00157741
Free-stream velocity (non-dim): (68.0594, 0, 0). Magnitude: 68.0594
Free-stream total energy per unit mass (non-dim): 209105
Free-stream viscosity (non-dim): 1.7893e-05
Total time (non-dim): 50
Time step (non-dim): 0


----------------- Integration and Numerics Preprocessing ----------------
Integration Preprocessing.
Numerics Preprocessing.

---------------------- Python Interface Preprocessing ---------------------
Setting customized boundary conditions for zone 0

------------------------------ Begin Solver -----------------------------

------------------------ Evaluate Special Output -------------------------------------------------------------------------------------------------


Min DT: 5.27572e-06.Max DT: 0.000126746. Time step: 5.27572e-06. CFL: 0.1.
----------------------- Residual Evolution Summary ----------------------
log10[Maximum residual]: -3.92435.
Maximum residual point 38, located at (3.85714, 1.96667, 2).
-------------------------------------------------------------------------

 Iter    Time(s)     Res[Rho]     Res[RhoE]      CL(Total)      CD(Total)
    0   0.009859    -4.363603      2.529219       0.000000       0.001124

-------------------------- File Output Summary --------------------------
Writing comma-separated values (CSV) surface files.
Loading solution output data locally on each rank.
Sorting output data across all ranks.
Writing binary SU2 native restart file.
-------------------------------------------------------------------------


------------------------- Solver Postprocessing -------------------------
Deleted CNumerics container.
Deleted CIntegration container.
Deleted CSolver container.
Deleted CIteration container.
Deleted CInterpolator container.
Deleted CTransfer container.
Deleted CGeometry container.
Deleted CFreeFormDefBox class.
Deleted CSurfaceMovement class.
Deleted CVolumetricMovement class.
Deleted CConfig container.
Deleted nInst container.
Deleted COutput class.
-------------------------------------------------------------------------

------------------------- Exit Success (SU2_CFD) ------------------------

